# JRE version: OpenJDK Runtime Environment (17.0.10) (build 17.0.10+0--11572160)
# Java VM: OpenJDK 64-Bit Server VM (17.0.10+0--11572160, mixed mode, tiered, compressed oops, compressed class ptrs, g1 gc, windows-amd64)
GC Precious Log:
 CPUs: 2 total, 2 available
 Memory: 3990M
 Large Page Support: Disabled
 NUMA Support: Disabled
 Compressed Oops: Enabled (32-bit)
 Heap Region Size: 1M
 Heap Min Capacity: 8M
 Heap Initial Capacity: 64M
 Heap Max Capacity: 2G
 Pre-touch: Disabled
 Parallel Workers: 2
 Concurrent Workers: 1
 Concurrent Refinement Workers: 2
 Periodic GC: Disabled
Heap:
 garbage-first heap   total 282624K, used 125589K [0x0000000080000000, 0x0000000100000000)
  region size 1024K, 2 young (2048K), 2 survivors (2048K)
 Metaspace       used 101787K, committed 102528K, reserved 1179648K
  class space    used 13902K, committed 14272K, reserved 1048576K
GC Heap History (20 events):
Event: 87.123 GC heap after
{Heap after GC invocations=46 (full 0):
 garbage-first heap   total 176128K, used 71740K [0x0000000080000000, 0x0000000100000000)
  region size 1024K, 7 young (7168K), 7 survivors (7168K)
 Metaspace       used 87764K, committed 88448K, reserved 1179648K
  class space    used 12212K, committed 12544K, reserved 1048576K
}
Event: 97.386 GC heap before
{Heap before GC invocations=46 (full 0):
 garbage-first heap   total 176128K, used 142396K [0x0000000080000000, 0x0000000100000000)
  region size 1024K, 76 young (77824K), 7 survivors (7168K)
 Metaspace       used 93416K, committed 94144K, reserved 1179648K
  class space    used 13035K, committed 13376K, reserved 1048576K
}
Event: 97.478 GC heap after
{Heap after GC invocations=47 (full 0):
 garbage-first heap   total 176128K, used 78508K [0x0000000080000000, 0x0000000100000000)
  region size 1024K, 10 young (10240K), 10 survivors (10240K)
 Metaspace       used 93416K, committed 94144K, reserved 1179648K
  class space    used 13035K, committed 13376K, reserved 1048576K
}
Event: 103.724 GC heap before
{Heap before GC invocations=47 (full 0):
 garbage-first heap   total 176128K, used 147116K [0x0000000080000000, 0x0000000100000000)
  region size 1024K, 73 young (74752K), 10 survivors (10240K)
 Metaspace       used 94606K, committed 95296K, reserved 1179648K
  class space    used 13105K, committed 13440K, reserved 1048576K
}
Event: 103.963 GC heap after
{Heap after GC invocations=48 (full 0):
 garbage-first heap   total 176128K, used 81408K [0x0000000080000000, 0x0000000100000000)
  region size 1024K, 5 young (5120K), 5 survivors (5120K)
 Metaspace       used 94606K, committed 95296K, reserved 1179648K
  class space    used 13105K, committed 13440K, reserved 1048576K
}
Event: 112.589 GC heap before
{Heap before GC invocations=48 (full 0):
 garbage-first heap   total 176128K, used 143872K [0x0000000080000000, 0x0000000100000000)
  region size 1024K, 65 young (66560K), 5 survivors (5120K)
 Metaspace       used 97156K, committed 97920K, reserved 1179648K
  class space    used 13391K, committed 13760K, reserved 1048576K
}
Event: 112.861 GC heap after
{Heap after GC invocations=49 (full 0):
 garbage-first heap   total 176128K, used 104960K [0x0000000080000000, 0x0000000100000000)
  region size 1024K, 9 young (9216K), 9 survivors (9216K)
 Metaspace       used 97156K, committed 97920K, reserved 1179648K
  class space    used 13391K, committed 13760K, reserved 1048576K
}
Event: 113.790 GC heap before
{Heap before GC invocations=49 (full 0):
 garbage-first heap   total 176128K, used 114176K [0x0000000080000000, 0x0000000100000000)
  region size 1024K, 11 young (11264K), 9 survivors (9216K)
 Metaspace       used 97156K, committed 97920K, reserved 1179648K
  class space    used 13391K, committed 13760K, reserved 1048576K
}
Event: 113.856 GC heap after
{Heap after GC invocations=50 (full 0):
 garbage-first heap   total 176128K, used 110592K [0x0000000080000000, 0x0000000100000000)
  region size 1024K, 1 young (1024K), 1 survivors (1024K)
 Metaspace       used 97156K, committed 97920K, reserved 1179648K
  class space    used 13391K, committed 13760K, reserved 1048576K
}
Event: 121.112 GC heap before
{Heap before GC invocations=50 (full 0):
 garbage-first heap   total 176128K, used 150528K [0x0000000080000000, 0x0000000100000000)
  region size 1024K, 31 young (31744K), 1 survivors (1024K)
 Metaspace       used 99837K, committed 100672K, reserved 1179648K
  class space    used 13682K, committed 14080K, reserved 1048576K
}
Event: 121.281 GC heap after
{Heap after GC invocations=51 (full 0):
 garbage-first heap   total 282624K, used 111820K [0x0000000080000000, 0x0000000100000000)
  region size 1024K, 3 young (3072K), 3 survivors (3072K)
 Metaspace       used 99837K, committed 100672K, reserved 1179648K
  class space    used 13682K, committed 14080K, reserved 1048576K
}
Event: 125.087 GC heap before
{Heap before GC invocations=51 (full 0):
 garbage-first heap   total 282624K, used 142540K [0x0000000080000000, 0x0000000100000000)
  region size 1024K, 33 young (33792K), 3 survivors (3072K)
 Metaspace       used 100019K, committed 100800K, reserved 1179648K
  class space    used 13702K, committed 14080K, reserved 1048576K
}
Event: 125.133 GC heap after
{Heap after GC invocations=52 (full 0):
 garbage-first heap   total 282624K, used 113864K [0x0000000080000000, 0x0000000100000000)
  region size 1024K, 5 young (5120K), 5 survivors (5120K)
 Metaspace       used 100019K, committed 100800K, reserved 1179648K
  class space    used 13702K, committed 14080K, reserved 1048576K
}
Event: 168.400 GC heap before
{Heap before GC invocations=52 (full 0):
 garbage-first heap   total 282624K, used 226504K [0x0000000080000000, 0x0000000100000000)
  region size 1024K, 116 young (118784K), 5 survivors (5120K)
 Metaspace       used 101533K, committed 102336K, reserved 1179648K
  class space    used 13878K, committed 14272K, reserved 1048576K
}
Event: 170.502 GC heap after
{Heap after GC invocations=53 (full 0):
 garbage-first heap   total 282624K, used 120158K [0x0000000080000000, 0x0000000100000000)
  region size 1024K, 11 young (11264K), 11 survivors (11264K)
 Metaspace       used 101533K, committed 102336K, reserved 1179648K
  class space    used 13878K, committed 14272K, reserved 1048576K
}
Event: 170.848 GC heap before
{Heap before GC invocations=53 (full 0):
 garbage-first heap   total 282624K, used 121182K [0x0000000080000000, 0x0000000100000000)
  region size 1024K, 13 young (13312K), 11 survivors (11264K)
 Metaspace       used 101543K, committed 102336K, reserved 1179648K
  class space    used 13878K, committed 14272K, reserved 1048576K
}
Event: 171.022 GC heap after
{Heap after GC invocations=54 (full 0):
 garbage-first heap   total 282624K, used 121914K [0x0000000080000000, 0x0000000100000000)
  region size 1024K, 2 young (2048K), 2 survivors (2048K)
 Metaspace       used 101543K, committed 102336K, reserved 1179648K
  class space    used 13878K, committed 14272K, reserved 1048576K
}
Event: 172.987 GC heap before
{Heap before GC invocations=54 (full 0):
 garbage-first heap   total 282624K, used 132154K [0x0000000080000000, 0x0000000100000000)
  region size 1024K, 13 young (13312K), 2 survivors (2048K)
 Metaspace       used 101590K, committed 102400K, reserved 1179648K
  class space    used 13881K, committed 14272K, reserved 1048576K
}
Event: 173.108 GC heap after
{Heap after GC invocations=55 (full 0):
 garbage-first heap   total 282624K, used 123392K [0x0000000080000000, 0x0000000100000000)
  region size 1024K, 2 young (2048K), 2 survivors (2048K)
 Metaspace       used 101590K, committed 102400K, reserved 1179648K
  class space    used 13881K, committed 14272K, reserved 1048576K
}
Event: 176.786 GC heap before
{Heap before GC invocations=55 (full 0):
 garbage-first heap   total 282624K, used 133632K [0x0000000080000000, 0x0000000100000000)
  region size 1024K, 13 young (13312K), 2 survivors (2048K)
 Metaspace       used 101787K, committed 102528K, reserved 1179648K
  class space    used 13902K, committed 14272K, reserved 1048576K
}

