# JRE version: OpenJDK Runtime Environment (17.0.10) (build 17.0.10+0--11572160)
# Java VM: OpenJDK 64-Bit Server VM (17.0.10+0--11572160, mixed mode, tiered, compressed oops, compressed class ptrs, g1 gc, windows-amd64)
GC Precious Log:
 CPUs: 2 total, 2 available
 Memory: 3990M
 Large Page Support: Disabled
 NUMA Support: Disabled
 Compressed Oops: Enabled (32-bit)
 Heap Region Size: 1M
 Heap Min Capacity: 8M
 Heap Initial Capacity: 64M
 Heap Max Capacity: 2G
 Pre-touch: Disabled
 Parallel Workers: 2
 Concurrent Workers: 1
 Concurrent Refinement Workers: 2
 Periodic GC: Disabled
Heap:
 garbage-first heap   total 284672K, used 97231K [0x0000000080000000, 0x0000000100000000)
  region size 1024K, 2 young (2048K), 2 survivors (2048K)
 Metaspace       used 99483K, committed 100224K, reserved 1179648K
  class space    used 13715K, committed 14080K, reserved 1048576K
GC Heap History (20 events):
Event: 91.417 GC heap after
{Heap after GC invocations=55 (full 0):
 garbage-first heap   total 142336K, used 71448K [0x0000000080000000, 0x0000000100000000)
  region size 1024K, 1 young (1024K), 1 survivors (1024K)
 Metaspace       used 89406K, committed 90048K, reserved 1179648K
  class space    used 12426K, committed 12736K, reserved 1048576K
}
Event: 98.970 GC heap before
{Heap before GC invocations=55 (full 0):
 garbage-first heap   total 142336K, used 120600K [0x0000000080000000, 0x0000000100000000)
  region size 1024K, 49 young (50176K), 1 survivors (1024K)
 Metaspace       used 93217K, committed 93888K, reserved 1179648K
  class space    used 13025K, committed 13312K, reserved 1048576K
}
Event: 99.018 GC heap after
{Heap after GC invocations=56 (full 0):
 garbage-first heap   total 284672K, used 75150K [0x0000000080000000, 0x0000000100000000)
  region size 1024K, 5 young (5120K), 5 survivors (5120K)
 Metaspace       used 93217K, committed 93888K, reserved 1179648K
  class space    used 13025K, committed 13312K, reserved 1048576K
}
Event: 103.915 GC heap before
{Heap before GC invocations=56 (full 0):
 garbage-first heap   total 284672K, used 129422K [0x0000000080000000, 0x0000000100000000)
  region size 1024K, 58 young (59392K), 5 survivors (5120K)
 Metaspace       used 93443K, committed 94144K, reserved 1179648K
  class space    used 13050K, committed 13376K, reserved 1048576K
}
Event: 104.013 GC heap after
{Heap after GC invocations=57 (full 0):
 garbage-first heap   total 284672K, used 78924K [0x0000000080000000, 0x0000000100000000)
  region size 1024K, 4 young (4096K), 4 survivors (4096K)
 Metaspace       used 93443K, committed 94144K, reserved 1179648K
  class space    used 13050K, committed 13376K, reserved 1048576K
}
Event: 109.753 GC heap before
{Heap before GC invocations=57 (full 0):
 garbage-first heap   total 284672K, used 138316K [0x0000000080000000, 0x0000000100000000)
  region size 1024K, 63 young (64512K), 4 survivors (4096K)
 Metaspace       used 94052K, committed 94784K, reserved 1179648K
  class space    used 13106K, committed 13440K, reserved 1048576K
}
Event: 109.789 GC heap after
{Heap after GC invocations=58 (full 0):
 garbage-first heap   total 284672K, used 81337K [0x0000000080000000, 0x0000000100000000)
  region size 1024K, 7 young (7168K), 7 survivors (7168K)
 Metaspace       used 94052K, committed 94784K, reserved 1179648K
  class space    used 13106K, committed 13440K, reserved 1048576K
}
Event: 143.220 GC heap before
{Heap before GC invocations=58 (full 0):
 garbage-first heap   total 284672K, used 223673K [0x0000000080000000, 0x0000000100000000)
  region size 1024K, 142 young (145408K), 7 survivors (7168K)
 Metaspace       used 97667K, committed 98432K, reserved 1179648K
  class space    used 13495K, committed 13888K, reserved 1048576K
}
Event: 147.993 GC heap after
{Heap after GC invocations=59 (full 0):
 garbage-first heap   total 284672K, used 91216K [0x0000000080000000, 0x0000000100000000)
  region size 1024K, 16 young (16384K), 16 survivors (16384K)
 Metaspace       used 97667K, committed 98432K, reserved 1179648K
  class space    used 13495K, committed 13888K, reserved 1048576K
}
Event: 148.214 GC heap before
{Heap before GC invocations=59 (full 0):
 garbage-first heap   total 284672K, used 92240K [0x0000000080000000, 0x0000000100000000)
  region size 1024K, 17 young (17408K), 16 survivors (16384K)
 Metaspace       used 97676K, committed 98432K, reserved 1179648K
  class space    used 13495K, committed 13888K, reserved 1048576K
}
Event: 149.180 GC heap after
{Heap after GC invocations=60 (full 0):
 garbage-first heap   total 284672K, used 92337K [0x0000000080000000, 0x0000000100000000)
  region size 1024K, 2 young (2048K), 2 survivors (2048K)
 Metaspace       used 97676K, committed 98432K, reserved 1179648K
  class space    used 13495K, committed 13888K, reserved 1048576K
}
Event: 150.712 GC heap before
{Heap before GC invocations=60 (full 0):
 garbage-first heap   total 284672K, used 102577K [0x0000000080000000, 0x0000000100000000)
  region size 1024K, 13 young (13312K), 2 survivors (2048K)
 Metaspace       used 97914K, committed 98688K, reserved 1179648K
  class space    used 13515K, committed 13888K, reserved 1048576K
}
Event: 150.724 GC heap after
{Heap after GC invocations=61 (full 0):
 garbage-first heap   total 284672K, used 91825K [0x0000000080000000, 0x0000000100000000)
  region size 1024K, 1 young (1024K), 1 survivors (1024K)
 Metaspace       used 97914K, committed 98688K, reserved 1179648K
  class space    used 13515K, committed 13888K, reserved 1048576K
}
Event: 152.554 GC heap before
{Heap before GC invocations=61 (full 0):
 garbage-first heap   total 284672K, used 103089K [0x0000000080000000, 0x0000000100000000)
  region size 1024K, 13 young (13312K), 1 survivors (1024K)
 Metaspace       used 98074K, committed 98880K, reserved 1179648K
  class space    used 13543K, committed 13952K, reserved 1048576K
}
Event: 152.585 GC heap after
{Heap after GC invocations=62 (full 0):
 garbage-first heap   total 284672K, used 93472K [0x0000000080000000, 0x0000000100000000)
  region size 1024K, 2 young (2048K), 2 survivors (2048K)
 Metaspace       used 98074K, committed 98880K, reserved 1179648K
  class space    used 13543K, committed 13952K, reserved 1048576K
}
Event: 153.187 GC heap before
{Heap before GC invocations=62 (full 0):
 garbage-first heap   total 284672K, used 103712K [0x0000000080000000, 0x0000000100000000)
  region size 1024K, 13 young (13312K), 2 survivors (2048K)
 Metaspace       used 98245K, committed 99008K, reserved 1179648K
  class space    used 13564K, committed 13952K, reserved 1048576K
}
Event: 153.220 GC heap after
{Heap after GC invocations=63 (full 0):
 garbage-first heap   total 284672K, used 94109K [0x0000000080000000, 0x0000000100000000)
  region size 1024K, 1 young (1024K), 1 survivors (1024K)
 Metaspace       used 98245K, committed 99008K, reserved 1179648K
  class space    used 13564K, committed 13952K, reserved 1048576K
}
Event: 154.545 GC heap before
{Heap before GC invocations=63 (full 0):
 garbage-first heap   total 284672K, used 105373K [0x0000000080000000, 0x0000000100000000)
  region size 1024K, 13 young (13312K), 1 survivors (1024K)
 Metaspace       used 98756K, committed 99520K, reserved 1179648K
  class space    used 13634K, committed 14016K, reserved 1048576K
}
Event: 154.591 GC heap after
{Heap after GC invocations=64 (full 0):
 garbage-first heap   total 284672K, used 95173K [0x0000000080000000, 0x0000000100000000)
  region size 1024K, 2 young (2048K), 2 survivors (2048K)
 Metaspace       used 98756K, committed 99520K, reserved 1179648K
  class space    used 13634K, committed 14016K, reserved 1048576K
}
Event: 155.850 GC heap before
{Heap before GC invocations=64 (full 0):
 garbage-first heap   total 284672K, used 106437K [0x0000000080000000, 0x0000000100000000)
  region size 1024K, 13 young (13312K), 2 survivors (2048K)
 Metaspace       used 99483K, committed 100224K, reserved 1179648K
  class space    used 13715K, committed 14080K, reserved 1048576K
}

