# JRE version: OpenJDK Runtime Environment (17.0.10) (build 17.0.10+0--11572160)
# Java VM: OpenJDK 64-Bit Server VM (17.0.10+0--11572160, mixed mode, tiered, compressed oops, compressed class ptrs, g1 gc, windows-amd64)
GC Precious Log:
 CPUs: 2 total, 2 available
 Memory: 3990M
 Large Page Support: Disabled
 NUMA Support: Disabled
 Compressed Oops: Enabled (32-bit)
 Heap Region Size: 1M
 Heap Min Capacity: 8M
 Heap Initial Capacity: 64M
 Heap Max Capacity: 2G
 Pre-touch: Disabled
 Parallel Workers: 2
 Concurrent Workers: 1
 Concurrent Refinement Workers: 2
 Periodic GC: Disabled
Heap:
 garbage-first heap   total 186368K, used 73139K [0x0000000080000000, 0x0000000100000000)
  region size 1024K, 2 young (2048K), 2 survivors (2048K)
 Metaspace       used 88532K, committed 89216K, reserved 1179648K
  class space    used 12321K, committed 12608K, reserved 1048576K
GC Heap History (20 events):
Event: 47.462 GC heap after
{Heap after GC invocations=35 (full 0):
 garbage-first heap   total 92160K, used 53609K [0x0000000080000000, 0x0000000100000000)
  region size 1024K, 1 young (1024K), 1 survivors (1024K)
 Metaspace       used 59377K, committed 59968K, reserved 1114112K
  class space    used 8114K, committed 8384K, reserved 1048576K
}
Event: 48.852 GC heap before
{Heap before GC invocations=35 (full 0):
 garbage-first heap   total 92160K, used 73065K [0x0000000080000000, 0x0000000100000000)
  region size 1024K, 20 young (20480K), 1 survivors (1024K)
 Metaspace       used 60969K, committed 61504K, reserved 1114112K
  class space    used 8319K, committed 8576K, reserved 1048576K
}
Event: 48.859 GC heap after
{Heap after GC invocations=36 (full 0):
 garbage-first heap   total 92160K, used 54278K [0x0000000080000000, 0x0000000100000000)
  region size 1024K, 2 young (2048K), 2 survivors (2048K)
 Metaspace       used 60969K, committed 61504K, reserved 1114112K
  class space    used 8319K, committed 8576K, reserved 1048576K
}
Event: 49.632 GC heap before
{Heap before GC invocations=37 (full 0):
 garbage-first heap   total 96256K, used 71686K [0x0000000080000000, 0x0000000100000000)
  region size 1024K, 20 young (20480K), 2 survivors (2048K)
 Metaspace       used 63065K, committed 63616K, reserved 1114112K
  class space    used 8540K, committed 8768K, reserved 1048576K
}
Event: 49.638 GC heap after
{Heap after GC invocations=38 (full 0):
 garbage-first heap   total 96256K, used 54586K [0x0000000080000000, 0x0000000100000000)
  region size 1024K, 2 young (2048K), 2 survivors (2048K)
 Metaspace       used 63065K, committed 63616K, reserved 1114112K
  class space    used 8540K, committed 8768K, reserved 1048576K
}
Event: 49.714 GC heap before
{Heap before GC invocations=38 (full 0):
 garbage-first heap   total 96256K, used 56634K [0x0000000080000000, 0x0000000100000000)
  region size 1024K, 4 young (4096K), 2 survivors (2048K)
 Metaspace       used 63220K, committed 63808K, reserved 1114112K
  class space    used 8562K, committed 8832K, reserved 1048576K
}
Event: 49.728 GC heap after
{Heap after GC invocations=39 (full 0):
 garbage-first heap   total 96256K, used 54215K [0x0000000080000000, 0x0000000100000000)
  region size 1024K, 1 young (1024K), 1 survivors (1024K)
 Metaspace       used 63220K, committed 63808K, reserved 1114112K
  class space    used 8562K, committed 8832K, reserved 1048576K
}
Event: 51.192 GC heap before
{Heap before GC invocations=39 (full 0):
 garbage-first heap   total 96256K, used 76743K [0x0000000080000000, 0x0000000100000000)
  region size 1024K, 23 young (23552K), 1 survivors (1024K)
 Metaspace       used 65514K, committed 66112K, reserved 1114112K
  class space    used 8914K, committed 9216K, reserved 1048576K
}
Event: 51.200 GC heap after
{Heap after GC invocations=40 (full 0):
 garbage-first heap   total 186368K, used 54999K [0x0000000080000000, 0x0000000100000000)
  region size 1024K, 2 young (2048K), 2 survivors (2048K)
 Metaspace       used 65514K, committed 66112K, reserved 1114112K
  class space    used 8914K, committed 9216K, reserved 1048576K
}
Event: 60.155 GC heap before
{Heap before GC invocations=41 (full 0):
 garbage-first heap   total 186368K, used 144087K [0x0000000080000000, 0x0000000100000000)
  region size 1024K, 84 young (86016K), 2 survivors (2048K)
 Metaspace       used 72189K, committed 72832K, reserved 1114112K
  class space    used 9799K, committed 10112K, reserved 1048576K
}
Event: 60.229 GC heap after
{Heap after GC invocations=42 (full 0):
 garbage-first heap   total 186368K, used 62483K [0x0000000080000000, 0x0000000100000000)
  region size 1024K, 8 young (8192K), 8 survivors (8192K)
 Metaspace       used 72189K, committed 72832K, reserved 1114112K
  class space    used 9799K, committed 10112K, reserved 1048576K
}
Event: 60.272 GC heap before
{Heap before GC invocations=42 (full 0):
 garbage-first heap   total 186368K, used 63507K [0x0000000080000000, 0x0000000100000000)
  region size 1024K, 9 young (9216K), 8 survivors (8192K)
 Metaspace       used 72314K, committed 72896K, reserved 1114112K
  class space    used 9812K, committed 10112K, reserved 1048576K
}
Event: 60.625 GC heap after
{Heap after GC invocations=43 (full 0):
 garbage-first heap   total 186368K, used 63005K [0x0000000080000000, 0x0000000100000000)
  region size 1024K, 1 young (1024K), 1 survivors (1024K)
 Metaspace       used 72314K, committed 72896K, reserved 1114112K
  class space    used 9812K, committed 10112K, reserved 1048576K
}
Event: 67.734 GC heap before
{Heap before GC invocations=43 (full 0):
 garbage-first heap   total 186368K, used 131613K [0x0000000080000000, 0x0000000100000000)
  region size 1024K, 68 young (69632K), 1 survivors (1024K)
 Metaspace       used 77265K, committed 77888K, reserved 1179648K
  class space    used 10492K, committed 10816K, reserved 1048576K
}
Event: 67.923 GC heap after
{Heap after GC invocations=44 (full 0):
 garbage-first heap   total 186368K, used 66508K [0x0000000080000000, 0x0000000100000000)
  region size 1024K, 5 young (5120K), 5 survivors (5120K)
 Metaspace       used 77265K, committed 77888K, reserved 1179648K
  class space    used 10492K, committed 10816K, reserved 1048576K
}
Event: 74.405 GC heap before
{Heap before GC invocations=44 (full 0):
 garbage-first heap   total 186368K, used 113612K [0x0000000080000000, 0x0000000100000000)
  region size 1024K, 50 young (51200K), 5 survivors (5120K)
 Metaspace       used 80461K, committed 81088K, reserved 1179648K
  class space    used 11099K, committed 11392K, reserved 1048576K
}
Event: 74.539 GC heap after
{Heap after GC invocations=45 (full 0):
 garbage-first heap   total 186368K, used 68123K [0x0000000080000000, 0x0000000100000000)
  region size 1024K, 2 young (2048K), 2 survivors (2048K)
 Metaspace       used 80461K, committed 81088K, reserved 1179648K
  class space    used 11099K, committed 11392K, reserved 1048576K
}
Event: 83.747 GC heap before
{Heap before GC invocations=45 (full 0):
 garbage-first heap   total 186368K, used 141851K [0x0000000080000000, 0x0000000100000000)
  region size 1024K, 74 young (75776K), 2 survivors (2048K)
 Metaspace       used 86009K, committed 86656K, reserved 1179648K
  class space    used 11906K, committed 12224K, reserved 1048576K
}
Event: 83.898 GC heap after
{Heap after GC invocations=46 (full 0):
 garbage-first heap   total 186368K, used 71692K [0x0000000080000000, 0x0000000100000000)
  region size 1024K, 6 young (6144K), 6 survivors (6144K)
 Metaspace       used 86009K, committed 86656K, reserved 1179648K
  class space    used 11906K, committed 12224K, reserved 1048576K
}
Event: 89.274 GC heap before
{Heap before GC invocations=46 (full 0):
 garbage-first heap   total 186368K, used 103436K [0x0000000080000000, 0x0000000100000000)
  region size 1024K, 37 young (37888K), 6 survivors (6144K)
 Metaspace       used 88532K, committed 89216K, reserved 1179648K
  class space    used 12321K, committed 12608K, reserved 1048576K
}

