# JRE version: OpenJDK Runtime Environment (17.0.10) (build 17.0.10+0--11572160)
# Java VM: OpenJDK 64-Bit Server VM (17.0.10+0--11572160, mixed mode, tiered, compressed oops, compressed class ptrs, g1 gc, windows-amd64)
GC Precious Log:
 CPUs: 2 total, 2 available
 Memory: 3990M
 Large Page Support: Disabled
 NUMA Support: Disabled
 Compressed Oops: Enabled (Zero based)
 Heap Region Size: 2M
 Heap Min Capacity: 8M
 Heap Initial Capacity: 64M
 Heap Max Capacity: 4G
 Pre-touch: Disabled
 Parallel Workers: 2
 Concurrent Workers: 1
 Concurrent Refinement Workers: 2
 Periodic GC: Disabled
Heap:
 garbage-first heap   total 100352K, used 66797K [0x0000000700000000, 0x0000000800000000)
  region size 2048K, 3 young (6144K), 2 survivors (4096K)
 Metaspace       used 50154K, committed 50624K, reserved 491520K
  class space    used 6761K, committed 6976K, reserved 425984K
GC Heap History (20 events):
Event: 22.621 GC heap before
{Heap before GC invocations=11 (full 0):
 garbage-first heap   total 65536K, used 51591K [0x0000000700000000, 0x0000000800000000)
  region size 2048K, 9 young (18432K), 2 survivors (4096K)
 Metaspace       used 33142K, committed 33472K, reserved 491520K
  class space    used 4487K, committed 4608K, reserved 425984K
}
Event: 22.633 GC heap after
{Heap after GC invocations=12 (full 0):
 garbage-first heap   total 65536K, used 41687K [0x0000000700000000, 0x0000000800000000)
  region size 2048K, 1 young (2048K), 1 survivors (2048K)
 Metaspace       used 33142K, committed 33472K, reserved 491520K
  class space    used 4487K, committed 4608K, reserved 425984K
}
Event: 23.108 GC heap before
{Heap before GC invocations=12 (full 0):
 garbage-first heap   total 65536K, used 49879K [0x0000000700000000, 0x0000000800000000)
  region size 2048K, 5 young (10240K), 1 survivors (2048K)
 Metaspace       used 34078K, committed 34368K, reserved 491520K
  class space    used 4662K, committed 4800K, reserved 425984K
}
Event: 23.115 GC heap after
{Heap after GC invocations=13 (full 0):
 garbage-first heap   total 65536K, used 42041K [0x0000000700000000, 0x0000000800000000)
  region size 2048K, 1 young (2048K), 1 survivors (2048K)
 Metaspace       used 34078K, committed 34368K, reserved 491520K
  class space    used 4662K, committed 4800K, reserved 425984K
}
Event: 23.705 GC heap before
{Heap before GC invocations=14 (full 0):
 garbage-first heap   total 79872K, used 50233K [0x0000000700000000, 0x0000000800000000)
  region size 2048K, 5 young (10240K), 1 survivors (2048K)
 Metaspace       used 35141K, committed 35520K, reserved 491520K
  class space    used 4825K, committed 4992K, reserved 425984K
}
Event: 23.711 GC heap after
{Heap after GC invocations=15 (full 0):
 garbage-first heap   total 79872K, used 42359K [0x0000000700000000, 0x0000000800000000)
  region size 2048K, 1 young (2048K), 1 survivors (2048K)
 Metaspace       used 35141K, committed 35520K, reserved 491520K
  class space    used 4825K, committed 4992K, reserved 425984K
}
Event: 25.279 GC heap before
{Heap before GC invocations=15 (full 0):
 garbage-first heap   total 79872K, used 60791K [0x0000000700000000, 0x0000000800000000)
  region size 2048K, 10 young (20480K), 1 survivors (2048K)
 Metaspace       used 37933K, committed 38336K, reserved 491520K
  class space    used 5264K, committed 5440K, reserved 425984K
}
Event: 25.295 GC heap after
{Heap after GC invocations=16 (full 0):
 garbage-first heap   total 79872K, used 43027K [0x0000000700000000, 0x0000000800000000)
  region size 2048K, 1 young (2048K), 1 survivors (2048K)
 Metaspace       used 37933K, committed 38336K, reserved 491520K
  class space    used 5264K, committed 5440K, reserved 425984K
}
Event: 27.035 GC heap before
{Heap before GC invocations=17 (full 0):
 garbage-first heap   total 79872K, used 61459K [0x0000000700000000, 0x0000000800000000)
  region size 2048K, 10 young (20480K), 1 survivors (2048K)
 Metaspace       used 42418K, committed 42816K, reserved 491520K
  class space    used 5755K, committed 5952K, reserved 425984K
}
Event: 27.049 GC heap after
{Heap after GC invocations=18 (full 0):
 garbage-first heap   total 79872K, used 45305K [0x0000000700000000, 0x0000000800000000)
  region size 2048K, 2 young (4096K), 2 survivors (4096K)
 Metaspace       used 42418K, committed 42816K, reserved 491520K
  class space    used 5755K, committed 5952K, reserved 425984K
}
Event: 27.864 GC heap before
{Heap before GC invocations=18 (full 0):
 garbage-first heap   total 79872K, used 63737K [0x0000000700000000, 0x0000000800000000)
  region size 2048K, 11 young (22528K), 2 survivors (4096K)
 Metaspace       used 43894K, committed 44352K, reserved 491520K
  class space    used 5900K, committed 6080K, reserved 425984K
}
Event: 27.884 GC heap after
{Heap after GC invocations=19 (full 0):
 garbage-first heap   total 79872K, used 47731K [0x0000000700000000, 0x0000000800000000)
  region size 2048K, 2 young (4096K), 2 survivors (4096K)
 Metaspace       used 43894K, committed 44352K, reserved 491520K
  class space    used 5900K, committed 6080K, reserved 425984K
}
Event: 28.840 GC heap before
{Heap before GC invocations=20 (full 0):
 garbage-first heap   total 90112K, used 60019K [0x0000000700000000, 0x0000000800000000)
  region size 2048K, 9 young (18432K), 2 survivors (4096K)
 Metaspace       used 44366K, committed 44736K, reserved 491520K
  class space    used 5949K, committed 6144K, reserved 425984K
}
Event: 28.852 GC heap after
{Heap after GC invocations=21 (full 0):
 garbage-first heap   total 90112K, used 49079K [0x0000000700000000, 0x0000000800000000)
  region size 2048K, 2 young (4096K), 2 survivors (4096K)
 Metaspace       used 44366K, committed 44736K, reserved 491520K
  class space    used 5949K, committed 6144K, reserved 425984K
}
Event: 30.581 GC heap before
{Heap before GC invocations=22 (full 0):
 garbage-first heap   total 96256K, used 73655K [0x0000000700000000, 0x0000000800000000)
  region size 2048K, 12 young (24576K), 2 survivors (4096K)
 Metaspace       used 47415K, committed 47808K, reserved 491520K
  class space    used 6323K, committed 6528K, reserved 425984K
}
Event: 30.592 GC heap after
{Heap after GC invocations=23 (full 0):
 garbage-first heap   total 96256K, used 49741K [0x0000000700000000, 0x0000000800000000)
  region size 2048K, 1 young (2048K), 1 survivors (2048K)
 Metaspace       used 47415K, committed 47808K, reserved 491520K
  class space    used 6323K, committed 6528K, reserved 425984K
}
Event: 32.283 GC heap before
{Heap before GC invocations=23 (full 0):
 garbage-first heap   total 96256K, used 72269K [0x0000000700000000, 0x0000000800000000)
  region size 2048K, 13 young (26624K), 1 survivors (2048K)
 Metaspace       used 49793K, committed 50240K, reserved 491520K
  class space    used 6704K, committed 6912K, reserved 425984K
}
Event: 32.297 GC heap after
{Heap after GC invocations=24 (full 0):
 garbage-first heap   total 96256K, used 51993K [0x0000000700000000, 0x0000000800000000)
  region size 2048K, 2 young (4096K), 2 survivors (4096K)
 Metaspace       used 49793K, committed 50240K, reserved 491520K
  class space    used 6704K, committed 6912K, reserved 425984K
}
Event: 33.289 GC heap before
{Heap before GC invocations=25 (full 0):
 garbage-first heap   total 100352K, used 68377K [0x0000000700000000, 0x0000000800000000)
  region size 2048K, 7 young (14336K), 2 survivors (4096K)
 Metaspace       used 50154K, committed 50624K, reserved 491520K
  class space    used 6761K, committed 6976K, reserved 425984K
}
Event: 33.306 GC heap after
{Heap after GC invocations=26 (full 0):
 garbage-first heap   total 100352K, used 62701K [0x0000000700000000, 0x0000000800000000)
  region size 2048K, 2 young (4096K), 2 survivors (4096K)
 Metaspace       used 50154K, committed 50624K, reserved 491520K
  class space    used 6761K, committed 6976K, reserved 425984K
}

