# JRE version: OpenJDK Runtime Environment (17.0.10) (build 17.0.10+0--11572160)
# Java VM: OpenJDK 64-Bit Server VM (17.0.10+0--11572160, mixed mode, tiered, compressed oops, compressed class ptrs, g1 gc, windows-amd64)
GC Precious Log:
 CPUs: 2 total, 2 available
 Memory: 3990M
 Large Page Support: Disabled
 NUMA Support: Disabled
 Compressed Oops: Enabled (32-bit)
 Heap Region Size: 1M
 Heap Min Capacity: 8M
 Heap Initial Capacity: 64M
 Heap Max Capacity: 2G
 Pre-touch: Disabled
 Parallel Workers: 2
 Concurrent Workers: 1
 Concurrent Refinement Workers: 2
 Periodic GC: Disabled
Heap:
 garbage-first heap   total 71680K, used 45491K [0x0000000080000000, 0x0000000100000000)
  region size 1024K, 6 young (6144K), 3 survivors (3072K)
 Metaspace       used 42930K, committed 43328K, reserved 1114112K
  class space    used 5834K, committed 6016K, reserved 1048576K
GC Heap History (20 events):
Event: 8.233 GC heap before
{Heap before GC invocations=4 (full 0):
 garbage-first heap   total 65536K, used 44227K [0x0000000080000000, 0x0000000100000000)
  region size 1024K, 33 young (33792K), 1 survivors (1024K)
 Metaspace       used 12112K, committed 12288K, reserved 1114112K
  class space    used 1325K, committed 1408K, reserved 1048576K
}
Event: 8.245 GC heap after
{Heap after GC invocations=5 (full 0):
 garbage-first heap   total 65536K, used 16091K [0x0000000080000000, 0x0000000100000000)
  region size 1024K, 5 young (5120K), 5 survivors (5120K)
 Metaspace       used 12112K, committed 12288K, reserved 1114112K
  class space    used 1325K, committed 1408K, reserved 1048576K
}
Event: 12.453 GC heap before
{Heap before GC invocations=5 (full 0):
 garbage-first heap   total 65536K, used 39643K [0x0000000080000000, 0x0000000100000000)
  region size 1024K, 29 young (29696K), 5 survivors (5120K)
 Metaspace       used 20414K, committed 20672K, reserved 1114112K
  class space    used 2380K, committed 2496K, reserved 1048576K
}
Event: 12.472 GC heap after
{Heap after GC invocations=6 (full 0):
 garbage-first heap   total 65536K, used 19592K [0x0000000080000000, 0x0000000100000000)
  region size 1024K, 4 young (4096K), 4 survivors (4096K)
 Metaspace       used 20414K, committed 20672K, reserved 1114112K
  class space    used 2380K, committed 2496K, reserved 1048576K
}
Event: 12.629 GC heap before
{Heap before GC invocations=6 (full 0):
 garbage-first heap   total 65536K, used 22664K [0x0000000080000000, 0x0000000100000000)
  region size 1024K, 9 young (9216K), 4 survivors (4096K)
 Metaspace       used 21276K, committed 21504K, reserved 1114112K
  class space    used 2502K, committed 2624K, reserved 1048576K
}
Event: 12.641 GC heap after
{Heap after GC invocations=7 (full 0):
 garbage-first heap   total 65536K, used 19967K [0x0000000080000000, 0x0000000100000000)
  region size 1024K, 1 young (1024K), 1 survivors (1024K)
 Metaspace       used 21276K, committed 21504K, reserved 1114112K
  class space    used 2502K, committed 2624K, reserved 1048576K
}
Event: 15.380 GC heap before
{Heap before GC invocations=8 (full 0):
 garbage-first heap   total 65536K, used 45567K [0x0000000080000000, 0x0000000100000000)
  region size 1024K, 27 young (27648K), 1 survivors (1024K)
 Metaspace       used 25783K, committed 26048K, reserved 1114112K
  class space    used 3250K, committed 3392K, reserved 1048576K
}
Event: 15.388 GC heap after
{Heap after GC invocations=9 (full 0):
 garbage-first heap   total 65536K, used 20752K [0x0000000080000000, 0x0000000100000000)
  region size 1024K, 2 young (2048K), 2 survivors (2048K)
 Metaspace       used 25783K, committed 26048K, reserved 1114112K
  class space    used 3250K, committed 3392K, reserved 1048576K
}
Event: 17.198 GC heap before
{Heap before GC invocations=9 (full 0):
 garbage-first heap   total 65536K, used 47376K [0x0000000080000000, 0x0000000100000000)
  region size 1024K, 28 young (28672K), 2 survivors (2048K)
 Metaspace       used 29187K, committed 29440K, reserved 1114112K
  class space    used 3845K, committed 3968K, reserved 1048576K
}
Event: 17.209 GC heap after
{Heap after GC invocations=10 (full 0):
 garbage-first heap   total 65536K, used 22412K [0x0000000080000000, 0x0000000100000000)
  region size 1024K, 3 young (3072K), 3 survivors (3072K)
 Metaspace       used 29187K, committed 29440K, reserved 1114112K
  class space    used 3845K, committed 3968K, reserved 1048576K
}
Event: 21.047 GC heap before
{Heap before GC invocations=10 (full 0):
 garbage-first heap   total 65536K, used 46988K [0x0000000080000000, 0x0000000100000000)
  region size 1024K, 21 young (21504K), 3 survivors (3072K)
 Metaspace       used 31419K, committed 31744K, reserved 1114112K
  class space    used 4236K, committed 4352K, reserved 1048576K
}
Event: 21.064 GC heap after
{Heap after GC invocations=11 (full 0):
 garbage-first heap   total 65536K, used 33972K [0x0000000080000000, 0x0000000100000000)
  region size 1024K, 4 young (4096K), 4 survivors (4096K)
 Metaspace       used 31419K, committed 31744K, reserved 1114112K
  class space    used 4236K, committed 4352K, reserved 1048576K
}
Event: 21.790 GC heap before
{Heap before GC invocations=12 (full 0):
 garbage-first heap   total 65536K, used 51380K [0x0000000080000000, 0x0000000100000000)
  region size 1024K, 19 young (19456K), 4 survivors (4096K)
 Metaspace       used 33250K, committed 33664K, reserved 1114112K
  class space    used 4502K, committed 4672K, reserved 1048576K
}
Event: 21.803 GC heap after
{Heap after GC invocations=13 (full 0):
 garbage-first heap   total 65536K, used 39475K [0x0000000080000000, 0x0000000100000000)
  region size 1024K, 3 young (3072K), 3 survivors (3072K)
 Metaspace       used 33250K, committed 33664K, reserved 1114112K
  class space    used 4502K, committed 4672K, reserved 1048576K
}
Event: 22.467 GC heap before
{Heap before GC invocations=13 (full 0):
 garbage-first heap   total 65536K, used 49715K [0x0000000080000000, 0x0000000100000000)
  region size 1024K, 14 young (14336K), 3 survivors (3072K)
 Metaspace       used 34644K, committed 35008K, reserved 1114112K
  class space    used 4736K, committed 4864K, reserved 1048576K
}
Event: 22.474 GC heap after
{Heap after GC invocations=14 (full 0):
 garbage-first heap   total 65536K, used 40268K [0x0000000080000000, 0x0000000100000000)
  region size 1024K, 1 young (1024K), 1 survivors (1024K)
 Metaspace       used 34644K, committed 35008K, reserved 1114112K
  class space    used 4736K, committed 4864K, reserved 1048576K
}
Event: 23.176 GC heap before
{Heap before GC invocations=15 (full 0):
 garbage-first heap   total 70656K, used 52556K [0x0000000080000000, 0x0000000100000000)
  region size 1024K, 13 young (13312K), 1 survivors (1024K)
 Metaspace       used 36128K, committed 36480K, reserved 1114112K
  class space    used 4994K, committed 5184K, reserved 1048576K
}
Event: 23.182 GC heap after
{Heap after GC invocations=16 (full 0):
 garbage-first heap   total 70656K, used 40711K [0x0000000080000000, 0x0000000100000000)
  region size 1024K, 2 young (2048K), 2 survivors (2048K)
 Metaspace       used 36128K, committed 36480K, reserved 1114112K
  class space    used 4994K, committed 5184K, reserved 1048576K
}
Event: 24.300 GC heap before
{Heap before GC invocations=16 (full 0):
 garbage-first heap   total 70656K, used 56071K [0x0000000080000000, 0x0000000100000000)
  region size 1024K, 17 young (17408K), 2 survivors (2048K)
 Metaspace       used 38677K, committed 39104K, reserved 1114112K
  class space    used 5391K, committed 5632K, reserved 1048576K
}
Event: 24.309 GC heap after
{Heap after GC invocations=17 (full 0):
 garbage-first heap   total 70656K, used 41660K [0x0000000080000000, 0x0000000100000000)
  region size 1024K, 2 young (2048K), 2 survivors (2048K)
 Metaspace       used 38677K, committed 39104K, reserved 1114112K
  class space    used 5391K, committed 5632K, reserved 1048576K
}

