# JRE version: OpenJDK Runtime Environment (17.0.10) (build 17.0.10+0--11572160)
# Java VM: OpenJDK 64-Bit Server VM (17.0.10+0--11572160, mixed mode, tiered, compressed oops, compressed class ptrs, g1 gc, windows-amd64)
GC Precious Log:
 CPUs: 2 total, 2 available
 Memory: 3990M
 Large Page Support: Disabled
 NUMA Support: Disabled
 Compressed Oops: Enabled (32-bit)
 Heap Region Size: 1M
 Heap Min Capacity: 8M
 Heap Initial Capacity: 64M
 Heap Max Capacity: 2G
 Pre-touch: Disabled
 Parallel Workers: 2
 Concurrent Workers: 1
 Concurrent Refinement Workers: 2
 Periodic GC: Disabled
Heap:
 garbage-first heap   total 135168K, used 72481K [0x0000000080000000, 0x0000000100000000)
  region size 1024K, 1 young (1024K), 1 survivors (1024K)
 Metaspace       used 87348K, committed 88064K, reserved 1179648K
  class space    used 12150K, committed 12480K, reserved 1048576K
GC Heap History (20 events):
Event: 66.298 GC heap after
{Heap after GC invocations=38 (full 0):
 garbage-first heap   total 91136K, used 52895K [0x0000000080000000, 0x0000000100000000)
  region size 1024K, 1 young (1024K), 1 survivors (1024K)
 Metaspace       used 59334K, committed 59904K, reserved 1114112K
  class space    used 8114K, committed 8384K, reserved 1048576K
}
Event: 66.708 GC heap before
{Heap before GC invocations=38 (full 0):
 garbage-first heap   total 91136K, used 54943K [0x0000000080000000, 0x0000000100000000)
  region size 1024K, 4 young (4096K), 1 survivors (1024K)
 Metaspace       used 59572K, committed 60224K, reserved 1114112K
  class space    used 8151K, committed 8448K, reserved 1048576K
}
Event: 66.723 GC heap after
{Heap after GC invocations=39 (full 0):
 garbage-first heap   total 135168K, used 52770K [0x0000000080000000, 0x0000000100000000)
  region size 1024K, 1 young (1024K), 1 survivors (1024K)
 Metaspace       used 59572K, committed 60224K, reserved 1114112K
  class space    used 8151K, committed 8448K, reserved 1048576K
}
Event: 70.022 GC heap before
{Heap before GC invocations=39 (full 0):
 garbage-first heap   total 135168K, used 91682K [0x0000000080000000, 0x0000000100000000)
  region size 1024K, 39 young (39936K), 1 survivors (1024K)
 Metaspace       used 63414K, committed 64000K, reserved 1114112K
  class space    used 8590K, committed 8832K, reserved 1048576K
}
Event: 70.033 GC heap after
{Heap after GC invocations=40 (full 0):
 garbage-first heap   total 135168K, used 53682K [0x0000000080000000, 0x0000000100000000)
  region size 1024K, 2 young (2048K), 2 survivors (2048K)
 Metaspace       used 63414K, committed 64000K, reserved 1114112K
  class space    used 8590K, committed 8832K, reserved 1048576K
}
Event: 74.193 GC heap before
{Heap before GC invocations=40 (full 0):
 garbage-first heap   total 135168K, used 104882K [0x0000000080000000, 0x0000000100000000)
  region size 1024K, 47 young (48128K), 2 survivors (2048K)
 Metaspace       used 67505K, committed 68096K, reserved 1114112K
  class space    used 9174K, committed 9472K, reserved 1048576K
}
Event: 74.222 GC heap after
{Heap after GC invocations=41 (full 0):
 garbage-first heap   total 135168K, used 59223K [0x0000000080000000, 0x0000000100000000)
  region size 1024K, 6 young (6144K), 6 survivors (6144K)
 Metaspace       used 67505K, committed 68096K, reserved 1114112K
  class space    used 9174K, committed 9472K, reserved 1048576K
}
Event: 78.214 GC heap before
{Heap before GC invocations=41 (full 0):
 garbage-first heap   total 135168K, used 101207K [0x0000000080000000, 0x0000000100000000)
  region size 1024K, 47 young (48128K), 6 survivors (6144K)
 Metaspace       used 70580K, committed 71168K, reserved 1114112K
  class space    used 9556K, committed 9856K, reserved 1048576K
}
Event: 78.244 GC heap after
{Heap after GC invocations=42 (full 0):
 garbage-first heap   total 135168K, used 61620K [0x0000000080000000, 0x0000000100000000)
  region size 1024K, 3 young (3072K), 3 survivors (3072K)
 Metaspace       used 70580K, committed 71168K, reserved 1114112K
  class space    used 9556K, committed 9856K, reserved 1048576K
}
Event: 81.232 GC heap before
{Heap before GC invocations=42 (full 0):
 garbage-first heap   total 135168K, used 103604K [0x0000000080000000, 0x0000000100000000)
  region size 1024K, 44 young (45056K), 3 survivors (3072K)
 Metaspace       used 75307K, committed 75968K, reserved 1114112K
  class space    used 10212K, committed 10496K, reserved 1048576K
}
Event: 81.250 GC heap after
{Heap after GC invocations=43 (full 0):
 garbage-first heap   total 135168K, used 63222K [0x0000000080000000, 0x0000000100000000)
  region size 1024K, 4 young (4096K), 4 survivors (4096K)
 Metaspace       used 75307K, committed 75968K, reserved 1114112K
  class space    used 10212K, committed 10496K, reserved 1048576K
}
Event: 85.638 GC heap before
{Heap before GC invocations=43 (full 0):
 garbage-first heap   total 135168K, used 105206K [0x0000000080000000, 0x0000000100000000)
  region size 1024K, 46 young (47104K), 4 survivors (4096K)
 Metaspace       used 77201K, committed 77824K, reserved 1179648K
  class space    used 10478K, committed 10752K, reserved 1048576K
}
Event: 85.775 GC heap after
{Heap after GC invocations=44 (full 0):
 garbage-first heap   total 135168K, used 66405K [0x0000000080000000, 0x0000000100000000)
  region size 1024K, 5 young (5120K), 5 survivors (5120K)
 Metaspace       used 77201K, committed 77824K, reserved 1179648K
  class space    used 10478K, committed 10752K, reserved 1048576K
}
Event: 88.942 GC heap before
{Heap before GC invocations=44 (full 0):
 garbage-first heap   total 135168K, used 108389K [0x0000000080000000, 0x0000000100000000)
  region size 1024K, 45 young (46080K), 5 survivors (5120K)
 Metaspace       used 80036K, committed 80640K, reserved 1179648K
  class space    used 10996K, committed 11264K, reserved 1048576K
}
Event: 89.005 GC heap after
{Heap after GC invocations=45 (full 0):
 garbage-first heap   total 135168K, used 67726K [0x0000000080000000, 0x0000000100000000)
  region size 1024K, 2 young (2048K), 2 survivors (2048K)
 Metaspace       used 80036K, committed 80640K, reserved 1179648K
  class space    used 10996K, committed 11264K, reserved 1048576K
}
Event: 95.080 GC heap before
{Heap before GC invocations=45 (full 0):
 garbage-first heap   total 135168K, used 108686K [0x0000000080000000, 0x0000000100000000)
  region size 1024K, 42 young (43008K), 2 survivors (2048K)
 Metaspace       used 82952K, committed 83584K, reserved 1179648K
  class space    used 11476K, committed 11776K, reserved 1048576K
}
Event: 95.097 GC heap after
{Heap after GC invocations=46 (full 0):
 garbage-first heap   total 135168K, used 69319K [0x0000000080000000, 0x0000000100000000)
  region size 1024K, 3 young (3072K), 3 survivors (3072K)
 Metaspace       used 82952K, committed 83584K, reserved 1179648K
  class space    used 11476K, committed 11776K, reserved 1048576K
}
Event: 143.542 GC heap before
{Heap before GC invocations=46 (full 0):
 garbage-first heap   total 135168K, used 110279K [0x0000000080000000, 0x0000000100000000)
  region size 1024K, 43 young (44032K), 3 survivors (3072K)
 Metaspace       used 87348K, committed 88064K, reserved 1179648K
  class space    used 12150K, committed 12480K, reserved 1048576K
}
Event: 146.288 GC heap after
{Heap after GC invocations=47 (full 0):
 garbage-first heap   total 135168K, used 71912K [0x0000000080000000, 0x0000000100000000)
  region size 1024K, 6 young (6144K), 6 survivors (6144K)
 Metaspace       used 87348K, committed 88064K, reserved 1179648K
  class space    used 12150K, committed 12480K, reserved 1048576K
}
Event: 146.338 GC heap before
{Heap before GC invocations=47 (full 0):
 garbage-first heap   total 135168K, used 72936K [0x0000000080000000, 0x0000000100000000)
  region size 1024K, 7 young (7168K), 6 survivors (6144K)
 Metaspace       used 87348K, committed 88064K, reserved 1179648K
  class space    used 12150K, committed 12480K, reserved 1048576K
}

