# JRE version: OpenJDK Runtime Environment (17.0.10) (build 17.0.10+0--11572160)
# Java VM: OpenJDK 64-Bit Server VM (17.0.10+0--11572160, mixed mode, tiered, compressed oops, compressed class ptrs, g1 gc, windows-amd64)
GC Precious Log:
 CPUs: 2 total, 2 available
 Memory: 3990M
 Large Page Support: Disabled
 NUMA Support: Disabled
 Compressed Oops: Enabled (32-bit)
 Heap Region Size: 1M
 Heap Min Capacity: 8M
 Heap Initial Capacity: 64M
 Heap Max Capacity: 2G
 Pre-touch: Disabled
 Parallel Workers: 2
 Concurrent Workers: 1
 Concurrent Refinement Workers: 2
 Periodic GC: Disabled
Heap:
 garbage-first heap   total 70656K, used 43297K [0x0000000080000000, 0x0000000100000000)
  region size 1024K, 5 young (5120K), 1 survivors (1024K)
 Metaspace       used 35063K, committed 35456K, reserved 1114112K
  class space    used 4807K, committed 4992K, reserved 1048576K
GC Heap History (20 events):
Event: 4.577 GC heap before
{Heap before GC invocations=2 (full 0):
 garbage-first heap   total 65536K, used 18803K [0x0000000080000000, 0x0000000100000000)
  region size 1024K, 14 young (14336K), 1 survivors (1024K)
 Metaspace       used 10623K, committed 10752K, reserved 1114112K
  class space    used 1099K, committed 1152K, reserved 1048576K
}
Event: 4.586 GC heap after
{Heap after GC invocations=3 (full 0):
 garbage-first heap   total 65536K, used 10787K [0x0000000080000000, 0x0000000100000000)
  region size 1024K, 2 young (2048K), 2 survivors (2048K)
 Metaspace       used 10623K, committed 10752K, reserved 1114112K
  class space    used 1099K, committed 1152K, reserved 1048576K
}
Event: 6.492 GC heap before
{Heap before GC invocations=3 (full 0):
 garbage-first heap   total 65536K, used 25123K [0x0000000080000000, 0x0000000100000000)
  region size 1024K, 16 young (16384K), 2 survivors (2048K)
 Metaspace       used 11485K, committed 11648K, reserved 1114112K
  class space    used 1199K, committed 1280K, reserved 1048576K
}
Event: 6.501 GC heap after
{Heap after GC invocations=4 (full 0):
 garbage-first heap   total 65536K, used 11416K [0x0000000080000000, 0x0000000100000000)
  region size 1024K, 1 young (1024K), 1 survivors (1024K)
 Metaspace       used 11485K, committed 11648K, reserved 1114112K
  class space    used 1199K, committed 1280K, reserved 1048576K
}
Event: 9.836 GC heap before
{Heap before GC invocations=4 (full 0):
 garbage-first heap   total 65536K, used 45208K [0x0000000080000000, 0x0000000100000000)
  region size 1024K, 33 young (33792K), 1 survivors (1024K)
 Metaspace       used 12873K, committed 12992K, reserved 1114112K
  class space    used 1418K, committed 1472K, reserved 1048576K
}
Event: 9.852 GC heap after
{Heap after GC invocations=5 (full 0):
 garbage-first heap   total 65536K, used 16281K [0x0000000080000000, 0x0000000100000000)
  region size 1024K, 5 young (5120K), 5 survivors (5120K)
 Metaspace       used 12873K, committed 12992K, reserved 1114112K
  class space    used 1418K, committed 1472K, reserved 1048576K
}
Event: 13.872 GC heap before
{Heap before GC invocations=5 (full 0):
 garbage-first heap   total 65536K, used 38809K [0x0000000080000000, 0x0000000100000000)
  region size 1024K, 28 young (28672K), 5 survivors (5120K)
 Metaspace       used 20623K, committed 20864K, reserved 1114112K
  class space    used 2411K, committed 2496K, reserved 1048576K
}
Event: 13.892 GC heap after
{Heap after GC invocations=6 (full 0):
 garbage-first heap   total 65536K, used 19610K [0x0000000080000000, 0x0000000100000000)
  region size 1024K, 4 young (4096K), 4 survivors (4096K)
 Metaspace       used 20623K, committed 20864K, reserved 1114112K
  class space    used 2411K, committed 2496K, reserved 1048576K
}
Event: 14.029 GC heap before
{Heap before GC invocations=6 (full 0):
 garbage-first heap   total 65536K, used 22682K [0x0000000080000000, 0x0000000100000000)
  region size 1024K, 8 young (8192K), 4 survivors (4096K)
 Metaspace       used 21277K, committed 21504K, reserved 1114112K
  class space    used 2503K, committed 2624K, reserved 1048576K
}
Event: 14.041 GC heap after
{Heap after GC invocations=7 (full 0):
 garbage-first heap   total 65536K, used 19879K [0x0000000080000000, 0x0000000100000000)
  region size 1024K, 1 young (1024K), 1 survivors (1024K)
 Metaspace       used 21277K, committed 21504K, reserved 1114112K
  class space    used 2503K, committed 2624K, reserved 1048576K
}
Event: 16.456 GC heap before
{Heap before GC invocations=8 (full 0):
 garbage-first heap   total 65536K, used 43431K [0x0000000080000000, 0x0000000100000000)
  region size 1024K, 25 young (25600K), 1 survivors (1024K)
 Metaspace       used 25499K, committed 25792K, reserved 1114112K
  class space    used 3188K, committed 3328K, reserved 1048576K
}
Event: 16.462 GC heap after
{Heap after GC invocations=9 (full 0):
 garbage-first heap   total 65536K, used 20600K [0x0000000080000000, 0x0000000100000000)
  region size 1024K, 2 young (2048K), 2 survivors (2048K)
 Metaspace       used 25499K, committed 25792K, reserved 1114112K
  class space    used 3188K, committed 3328K, reserved 1048576K
}
Event: 18.381 GC heap before
{Heap before GC invocations=9 (full 0):
 garbage-first heap   total 65536K, used 46200K [0x0000000080000000, 0x0000000100000000)
  region size 1024K, 27 young (27648K), 2 survivors (2048K)
 Metaspace       used 28749K, committed 29056K, reserved 1114112K
  class space    used 3774K, committed 3904K, reserved 1048576K
}
Event: 18.392 GC heap after
{Heap after GC invocations=10 (full 0):
 garbage-first heap   total 65536K, used 22145K [0x0000000080000000, 0x0000000100000000)
  region size 1024K, 3 young (3072K), 3 survivors (3072K)
 Metaspace       used 28749K, committed 29056K, reserved 1114112K
  class space    used 3774K, committed 3904K, reserved 1048576K
}
Event: 20.385 GC heap before
{Heap before GC invocations=10 (full 0):
 garbage-first heap   total 65536K, used 49793K [0x0000000080000000, 0x0000000100000000)
  region size 1024K, 24 young (24576K), 3 survivors (3072K)
 Metaspace       used 31402K, committed 31744K, reserved 1114112K
  class space    used 4234K, committed 4352K, reserved 1048576K
}
Event: 20.401 GC heap after
{Heap after GC invocations=11 (full 0):
 garbage-first heap   total 65536K, used 33889K [0x0000000080000000, 0x0000000100000000)
  region size 1024K, 4 young (4096K), 4 survivors (4096K)
 Metaspace       used 31402K, committed 31744K, reserved 1114112K
  class space    used 4234K, committed 4352K, reserved 1048576K
}
Event: 21.366 GC heap before
{Heap before GC invocations=12 (full 0):
 garbage-first heap   total 65536K, used 51297K [0x0000000080000000, 0x0000000100000000)
  region size 1024K, 19 young (19456K), 4 survivors (4096K)
 Metaspace       used 33239K, committed 33600K, reserved 1114112K
  class space    used 4501K, committed 4672K, reserved 1048576K
}
Event: 21.379 GC heap after
{Heap after GC invocations=13 (full 0):
 garbage-first heap   total 65536K, used 39948K [0x0000000080000000, 0x0000000100000000)
  region size 1024K, 3 young (3072K), 3 survivors (3072K)
 Metaspace       used 33239K, committed 33600K, reserved 1114112K
  class space    used 4501K, committed 4672K, reserved 1048576K
}
Event: 21.954 GC heap before
{Heap before GC invocations=13 (full 0):
 garbage-first heap   total 65536K, used 51212K [0x0000000080000000, 0x0000000100000000)
  region size 1024K, 14 young (14336K), 3 survivors (3072K)
 Metaspace       used 34630K, committed 34944K, reserved 1114112K
  class space    used 4731K, committed 4864K, reserved 1048576K
}
Event: 21.960 GC heap after
{Heap after GC invocations=14 (full 0):
 garbage-first heap   total 65536K, used 40225K [0x0000000080000000, 0x0000000100000000)
  region size 1024K, 1 young (1024K), 1 survivors (1024K)
 Metaspace       used 34630K, committed 34944K, reserved 1114112K
  class space    used 4731K, committed 4864K, reserved 1048576K
}

