# JRE version: OpenJDK Runtime Environment (17.0.10) (build 17.0.10+0--11572160)
# Java VM: OpenJDK 64-Bit Server VM (17.0.10+0--11572160, mixed mode, tiered, compressed oops, compressed class ptrs, g1 gc, windows-amd64)
GC Precious Log:
 CPUs: 2 total, 2 available
 Memory: 3990M
 Large Page Support: Disabled
 NUMA Support: Disabled
 Compressed Oops: Enabled (32-bit)
 Heap Region Size: 1M
 Heap Min Capacity: 8M
 Heap Initial Capacity: 64M
 Heap Max Capacity: 2G
 Pre-touch: Disabled
 Parallel Workers: 2
 Concurrent Workers: 1
 Concurrent Refinement Workers: 2
 Periodic GC: Disabled
Heap:
 garbage-first heap   total 112640K, used 65485K [0x0000000080000000, 0x0000000100000000)
  region size 1024K, 3 young (3072K), 3 survivors (3072K)
 Metaspace       used 56697K, committed 57280K, reserved 1114112K
  class space    used 7670K, committed 7936K, reserved 1048576K
GC Heap History (20 events):
Event: 28.718 GC heap after
{Heap after GC invocations=20 (full 0):
 garbage-first heap   total 73728K, used 45516K [0x0000000080000000, 0x0000000100000000)
  region size 1024K, 2 young (2048K), 2 survivors (2048K)
 Metaspace       used 43865K, committed 44288K, reserved 1114112K
  class space    used 5902K, committed 6080K, reserved 1048576K
}
Event: 29.733 GC heap before
{Heap before GC invocations=21 (full 0):
 garbage-first heap   total 78848K, used 57804K [0x0000000080000000, 0x0000000100000000)
  region size 1024K, 16 young (16384K), 2 survivors (2048K)
 Metaspace       used 44334K, committed 44736K, reserved 1114112K
  class space    used 5951K, committed 6144K, reserved 1048576K
}
Event: 29.743 GC heap after
{Heap after GC invocations=22 (full 0):
 garbage-first heap   total 78848K, used 46549K [0x0000000080000000, 0x0000000100000000)
  region size 1024K, 2 young (2048K), 2 survivors (2048K)
 Metaspace       used 44334K, committed 44736K, reserved 1114112K
  class space    used 5951K, committed 6144K, reserved 1048576K
}
Event: 31.392 GC heap before
{Heap before GC invocations=23 (full 0):
 garbage-first heap   total 89088K, used 68053K [0x0000000080000000, 0x0000000100000000)
  region size 1024K, 18 young (18432K), 2 survivors (2048K)
 Metaspace       used 46979K, committed 47424K, reserved 1114112K
  class space    used 6248K, committed 6464K, reserved 1048576K
}
Event: 31.415 GC heap after
{Heap after GC invocations=24 (full 0):
 garbage-first heap   total 89088K, used 47141K [0x0000000080000000, 0x0000000100000000)
  region size 1024K, 2 young (2048K), 2 survivors (2048K)
 Metaspace       used 46979K, committed 47424K, reserved 1114112K
  class space    used 6248K, committed 6464K, reserved 1048576K
}
Event: 33.007 GC heap before
{Heap before GC invocations=24 (full 0):
 garbage-first heap   total 89088K, used 70693K [0x0000000080000000, 0x0000000100000000)
  region size 1024K, 25 young (25600K), 2 survivors (2048K)
 Metaspace       used 49636K, committed 50112K, reserved 1114112K
  class space    used 6694K, committed 6912K, reserved 1048576K
}
Event: 33.020 GC heap after
{Heap after GC invocations=25 (full 0):
 garbage-first heap   total 89088K, used 48633K [0x0000000080000000, 0x0000000100000000)
  region size 1024K, 3 young (3072K), 3 survivors (3072K)
 Metaspace       used 49636K, committed 50112K, reserved 1114112K
  class space    used 6694K, committed 6912K, reserved 1048576K
}
Event: 33.941 GC heap before
{Heap before GC invocations=26 (full 0):
 garbage-first heap   total 89088K, used 51705K [0x0000000080000000, 0x0000000100000000)
  region size 1024K, 7 young (7168K), 3 survivors (3072K)
 Metaspace       used 49723K, committed 50176K, reserved 1114112K
  class space    used 6701K, committed 6912K, reserved 1048576K
}
Event: 33.955 GC heap after
{Heap after GC invocations=27 (full 0):
 garbage-first heap   total 89088K, used 49843K [0x0000000080000000, 0x0000000100000000)
  region size 1024K, 3 young (3072K), 3 survivors (3072K)
 Metaspace       used 49723K, committed 50176K, reserved 1114112K
  class space    used 6701K, committed 6912K, reserved 1048576K
}
Event: 34.101 GC heap before
{Heap before GC invocations=28 (full 0):
 garbage-first heap   total 92160K, used 52915K [0x0000000080000000, 0x0000000100000000)
  region size 1024K, 4 young (4096K), 3 survivors (3072K)
 Metaspace       used 49723K, committed 50176K, reserved 1114112K
  class space    used 6701K, committed 6912K, reserved 1048576K
}
Event: 34.112 GC heap after
{Heap after GC invocations=29 (full 0):
 garbage-first heap   total 92160K, used 53725K [0x0000000080000000, 0x0000000100000000)
  region size 1024K, 2 young (2048K), 2 survivors (2048K)
 Metaspace       used 49723K, committed 50176K, reserved 1114112K
  class space    used 6701K, committed 6912K, reserved 1048576K
}
Event: 34.744 GC heap before
{Heap before GC invocations=30 (full 0):
 garbage-first heap   total 97280K, used 64989K [0x0000000080000000, 0x0000000100000000)
  region size 1024K, 11 young (11264K), 2 survivors (2048K)
 Metaspace       used 50107K, committed 50624K, reserved 1114112K
  class space    used 6758K, committed 6976K, reserved 1048576K
}
Event: 34.755 GC heap after
{Heap after GC invocations=31 (full 0):
 garbage-first heap   total 97280K, used 58238K [0x0000000080000000, 0x0000000100000000)
  region size 1024K, 2 young (2048K), 2 survivors (2048K)
 Metaspace       used 50107K, committed 50624K, reserved 1114112K
  class space    used 6758K, committed 6976K, reserved 1048576K
}
Event: 35.123 GC heap before
{Heap before GC invocations=32 (full 0):
 garbage-first heap   total 102400K, used 64382K [0x0000000080000000, 0x0000000100000000)
  region size 1024K, 7 young (7168K), 2 survivors (2048K)
 Metaspace       used 50459K, committed 50944K, reserved 1114112K
  class space    used 6782K, committed 6976K, reserved 1048576K
}
Event: 35.130 GC heap after
{Heap after GC invocations=33 (full 0):
 garbage-first heap   total 102400K, used 63120K [0x0000000080000000, 0x0000000100000000)
  region size 1024K, 2 young (2048K), 2 survivors (2048K)
 Metaspace       used 50459K, committed 50944K, reserved 1114112K
  class space    used 6782K, committed 6976K, reserved 1048576K
}
Event: 36.438 GC heap before
{Heap before GC invocations=34 (full 0):
 garbage-first heap   total 112640K, used 79504K [0x0000000080000000, 0x0000000100000000)
  region size 1024K, 16 young (16384K), 2 survivors (2048K)
 Metaspace       used 52599K, committed 53120K, reserved 1114112K
  class space    used 6998K, committed 7232K, reserved 1048576K
}
Event: 36.452 GC heap after
{Heap after GC invocations=35 (full 0):
 garbage-first heap   total 112640K, used 63183K [0x0000000080000000, 0x0000000100000000)
  region size 1024K, 1 young (1024K), 1 survivors (1024K)
 Metaspace       used 52599K, committed 53120K, reserved 1114112K
  class space    used 6998K, committed 7232K, reserved 1048576K
}
Event: 37.447 GC heap before
{Heap before GC invocations=35 (full 0):
 garbage-first heap   total 112640K, used 84687K [0x0000000080000000, 0x0000000100000000)
  region size 1024K, 22 young (22528K), 1 survivors (1024K)
 Metaspace       used 53616K, committed 54208K, reserved 1114112K
  class space    used 7177K, committed 7424K, reserved 1048576K
}
Event: 37.455 GC heap after
{Heap after GC invocations=36 (full 0):
 garbage-first heap   total 112640K, used 64121K [0x0000000080000000, 0x0000000100000000)
  region size 1024K, 2 young (2048K), 2 survivors (2048K)
 Metaspace       used 53616K, committed 54208K, reserved 1114112K
  class space    used 7177K, committed 7424K, reserved 1048576K
}
Event: 41.067 GC heap before
{Heap before GC invocations=37 (full 0):
 garbage-first heap   total 112640K, used 86649K [0x0000000080000000, 0x0000000100000000)
  region size 1024K, 24 young (24576K), 2 survivors (2048K)
 Metaspace       used 56697K, committed 57280K, reserved 1114112K
  class space    used 7670K, committed 7936K, reserved 1048576K
}

