# JRE version: OpenJDK Runtime Environment (17.0.10) (build 17.0.10+0--11572160)
# Java VM: OpenJDK 64-Bit Server VM (17.0.10+0--11572160, mixed mode, tiered, compressed oops, compressed class ptrs, g1 gc, windows-amd64)
GC Precious Log:
 CPUs: 2 total, 2 available
 Memory: 3990M
 Large Page Support: Disabled
 NUMA Support: Disabled
 Compressed Oops: Enabled (Zero based)
 Heap Region Size: 2M
 Heap Min Capacity: 8M
 Heap Initial Capacity: 64M
 Heap Max Capacity: 4G
 Pre-touch: Disabled
 Parallel Workers: 2
 Concurrent Workers: 1
 Concurrent Refinement Workers: 2
 Periodic GC: Disabled
Heap:
 garbage-first heap   total 96256K, used 55302K [0x0000000700000000, 0x0000000800000000)
  region size 2048K, 5 young (10240K), 1 survivors (2048K)
 Metaspace       used 48303K, committed 48768K, reserved 491520K
  class space    used 6455K, committed 6656K, reserved 425984K
GC Heap History (20 events):
Event: 21.536 GC heap before
{Heap before GC invocations=11 (full 0):
 garbage-first heap   total 65536K, used 51664K [0x0000000700000000, 0x0000000800000000)
  region size 2048K, 9 young (18432K), 2 survivors (4096K)
 Metaspace       used 33186K, committed 33472K, reserved 491520K
  class space    used 4487K, committed 4608K, reserved 425984K
}
Event: 21.548 GC heap after
{Heap after GC invocations=12 (full 0):
 garbage-first heap   total 65536K, used 41823K [0x0000000700000000, 0x0000000800000000)
  region size 2048K, 1 young (2048K), 1 survivors (2048K)
 Metaspace       used 33186K, committed 33472K, reserved 491520K
  class space    used 4487K, committed 4608K, reserved 425984K
}
Event: 22.147 GC heap before
{Heap before GC invocations=12 (full 0):
 garbage-first heap   total 65536K, used 50015K [0x0000000700000000, 0x0000000800000000)
  region size 2048K, 5 young (10240K), 1 survivors (2048K)
 Metaspace       used 34115K, committed 34560K, reserved 491520K
  class space    used 4660K, committed 4864K, reserved 425984K
}
Event: 22.155 GC heap after
{Heap after GC invocations=13 (full 0):
 garbage-first heap   total 65536K, used 42441K [0x0000000700000000, 0x0000000800000000)
  region size 2048K, 1 young (2048K), 1 survivors (2048K)
 Metaspace       used 34115K, committed 34560K, reserved 491520K
  class space    used 4660K, committed 4864K, reserved 425984K
}
Event: 22.831 GC heap before
{Heap before GC invocations=14 (full 0):
 garbage-first heap   total 79872K, used 48585K [0x0000000700000000, 0x0000000800000000)
  region size 2048K, 5 young (10240K), 1 survivors (2048K)
 Metaspace       used 35185K, committed 35520K, reserved 491520K
  class space    used 4829K, committed 4992K, reserved 425984K
}
Event: 22.836 GC heap after
{Heap after GC invocations=15 (full 0):
 garbage-first heap   total 79872K, used 42703K [0x0000000700000000, 0x0000000800000000)
  region size 2048K, 1 young (2048K), 1 survivors (2048K)
 Metaspace       used 35185K, committed 35520K, reserved 491520K
  class space    used 4829K, committed 4992K, reserved 425984K
}
Event: 23.026 GC heap before
{Heap before GC invocations=15 (full 0):
 garbage-first heap   total 79872K, used 44751K [0x0000000700000000, 0x0000000800000000)
  region size 2048K, 2 young (4096K), 1 survivors (2048K)
 Metaspace       used 35381K, committed 35648K, reserved 491520K
  class space    used 4867K, committed 4992K, reserved 425984K
}
Event: 23.037 GC heap after
{Heap after GC invocations=16 (full 0):
 garbage-first heap   total 79872K, used 42491K [0x0000000700000000, 0x0000000800000000)
  region size 2048K, 1 young (2048K), 1 survivors (2048K)
 Metaspace       used 35381K, committed 35648K, reserved 491520K
  class space    used 4867K, committed 4992K, reserved 425984K
}
Event: 24.570 GC heap before
{Heap before GC invocations=16 (full 0):
 garbage-first heap   total 79872K, used 60923K [0x0000000700000000, 0x0000000800000000)
  region size 2048K, 10 young (20480K), 1 survivors (2048K)
 Metaspace       used 38219K, committed 38592K, reserved 491520K
  class space    used 5317K, committed 5504K, reserved 425984K
}
Event: 24.577 GC heap after
{Heap after GC invocations=17 (full 0):
 garbage-first heap   total 79872K, used 43196K [0x0000000700000000, 0x0000000800000000)
  region size 2048K, 1 young (2048K), 1 survivors (2048K)
 Metaspace       used 38219K, committed 38592K, reserved 491520K
  class space    used 5317K, committed 5504K, reserved 425984K
}
Event: 25.796 GC heap before
{Heap before GC invocations=18 (full 0):
 garbage-first heap   total 79872K, used 61628K [0x0000000700000000, 0x0000000800000000)
  region size 2048K, 10 young (20480K), 1 survivors (2048K)
 Metaspace       used 42781K, committed 43136K, reserved 491520K
  class space    used 5819K, committed 6016K, reserved 425984K
}
Event: 25.810 GC heap after
{Heap after GC invocations=19 (full 0):
 garbage-first heap   total 79872K, used 45396K [0x0000000700000000, 0x0000000800000000)
  region size 2048K, 2 young (4096K), 2 survivors (4096K)
 Metaspace       used 42781K, committed 43136K, reserved 491520K
  class space    used 5819K, committed 6016K, reserved 425984K
}
Event: 25.957 GC heap before
{Heap before GC invocations=19 (full 0):
 garbage-first heap   total 79872K, used 47444K [0x0000000700000000, 0x0000000800000000)
  region size 2048K, 3 young (6144K), 2 survivors (4096K)
 Metaspace       used 43165K, committed 43520K, reserved 491520K
  class space    used 5842K, committed 6016K, reserved 425984K
}
Event: 25.976 GC heap after
{Heap after GC invocations=20 (full 0):
 garbage-first heap   total 79872K, used 45706K [0x0000000700000000, 0x0000000800000000)
  region size 2048K, 1 young (2048K), 1 survivors (2048K)
 Metaspace       used 43165K, committed 43520K, reserved 491520K
  class space    used 5842K, committed 6016K, reserved 425984K
}
Event: 27.050 GC heap before
{Heap before GC invocations=20 (full 0):
 garbage-first heap   total 79872K, used 62090K [0x0000000700000000, 0x0000000800000000)
  region size 2048K, 9 young (18432K), 1 survivors (2048K)
 Metaspace       used 43931K, committed 44352K, reserved 491520K
  class space    used 5906K, committed 6080K, reserved 425984K
}
Event: 27.058 GC heap after
{Heap after GC invocations=21 (full 0):
 garbage-first heap   total 79872K, used 47592K [0x0000000700000000, 0x0000000800000000)
  region size 2048K, 2 young (4096K), 2 survivors (4096K)
 Metaspace       used 43931K, committed 44352K, reserved 491520K
  class space    used 5906K, committed 6080K, reserved 425984K
}
Event: 27.858 GC heap before
{Heap before GC invocations=22 (full 0):
 garbage-first heap   total 90112K, used 57832K [0x0000000700000000, 0x0000000800000000)
  region size 2048K, 8 young (16384K), 2 survivors (4096K)
 Metaspace       used 44405K, committed 44800K, reserved 491520K
  class space    used 5955K, committed 6144K, reserved 425984K
}
Event: 27.869 GC heap after
{Heap after GC invocations=23 (full 0):
 garbage-first heap   total 90112K, used 48618K [0x0000000700000000, 0x0000000800000000)
  region size 2048K, 2 young (4096K), 2 survivors (4096K)
 Metaspace       used 44405K, committed 44800K, reserved 491520K
  class space    used 5955K, committed 6144K, reserved 425984K
}
Event: 29.857 GC heap before
{Heap before GC invocations=24 (full 0):
 garbage-first heap   total 96256K, used 73194K [0x0000000700000000, 0x0000000800000000)
  region size 2048K, 12 young (24576K), 2 survivors (4096K)
 Metaspace       used 47432K, committed 47872K, reserved 491520K
  class space    used 6324K, committed 6528K, reserved 425984K
}
Event: 29.869 GC heap after
{Heap after GC invocations=25 (full 0):
 garbage-first heap   total 96256K, used 49158K [0x0000000700000000, 0x0000000800000000)
  region size 2048K, 1 young (2048K), 1 survivors (2048K)
 Metaspace       used 47432K, committed 47872K, reserved 491520K
  class space    used 6324K, committed 6528K, reserved 425984K
}

